  main.cpp
  SongCollection.cpp
C:\Users\tudor\Desktop\C\OOPLaboratory8\OOPLaboratory8\SongCollection.cpp(81,26): error C2601: 'SongCollection::sortByArtist': local function definitions are illegal
C:\Users\tudor\Desktop\C\OOPLaboratory8\OOPLaboratory8\SongCollection.cpp(57): message : this line contains a '{' which has not yet been matched
C:\Users\tudor\Desktop\C\OOPLaboratory8\OOPLaboratory8\SongCollection.cpp(88,26): error C2601: 'SongCollection::sortByTitle': local function definitions are illegal
C:\Users\tudor\Desktop\C\OOPLaboratory8\OOPLaboratory8\SongCollection.cpp(57): message : this line contains a '{' which has not yet been matched
C:\Users\tudor\Desktop\C\OOPLaboratory8\OOPLaboratory8\SongCollection.cpp(95,26): error C2601: 'SongCollection::sortByLyrics': local function definitions are illegal
C:\Users\tudor\Desktop\C\OOPLaboratory8\OOPLaboratory8\SongCollection.cpp(57): message : this line contains a '{' which has not yet been matched
C:\Users\tudor\Desktop\C\OOPLaboratory8\OOPLaboratory8\SongCollection.cpp(84,26): error C2662: 'std::string Song::getArtist(void)': cannot convert 'this' pointer from 'const Song' to 'Song &'
C:\Users\tudor\Desktop\C\OOPLaboratory8\OOPLaboratory8\SongCollection.cpp(84,24): message : Conversion loses qualifiers
C:\Users\tudor\Desktop\C\OOPLaboratory8\OOPLaboratory8\Song.h(13,14): message : see declaration of 'Song::getArtist'
C:\Users\tudor\Desktop\C\OOPLaboratory8\OOPLaboratory8\SongCollection.cpp(84,26): message : while trying to match the argument list '()'
C:\Users\tudor\Desktop\C\OOPLaboratory8\OOPLaboratory8\SongCollection.cpp(84,43): error C2662: 'std::string Song::getArtist(void)': cannot convert 'this' pointer from 'const Song' to 'Song &'
C:\Users\tudor\Desktop\C\OOPLaboratory8\OOPLaboratory8\SongCollection.cpp(84,41): message : Conversion loses qualifiers
C:\Users\tudor\Desktop\C\OOPLaboratory8\OOPLaboratory8\Song.h(13,14): message : see declaration of 'Song::getArtist'
C:\Users\tudor\Desktop\C\OOPLaboratory8\OOPLaboratory8\SongCollection.cpp(84,43): message : while trying to match the argument list '()'
C:\Users\tudor\Desktop\C\OOPLaboratory8\OOPLaboratory8\SongCollection.cpp(91,26): error C2662: 'std::string Song::getTitle(void)': cannot convert 'this' pointer from 'const Song' to 'Song &'
C:\Users\tudor\Desktop\C\OOPLaboratory8\OOPLaboratory8\SongCollection.cpp(91,24): message : Conversion loses qualifiers
C:\Users\tudor\Desktop\C\OOPLaboratory8\OOPLaboratory8\Song.h(14,14): message : see declaration of 'Song::getTitle'
C:\Users\tudor\Desktop\C\OOPLaboratory8\OOPLaboratory8\SongCollection.cpp(91,26): message : while trying to match the argument list '()'
C:\Users\tudor\Desktop\C\OOPLaboratory8\OOPLaboratory8\SongCollection.cpp(91,42): error C2662: 'std::string Song::getTitle(void)': cannot convert 'this' pointer from 'const Song' to 'Song &'
C:\Users\tudor\Desktop\C\OOPLaboratory8\OOPLaboratory8\SongCollection.cpp(91,40): message : Conversion loses qualifiers
C:\Users\tudor\Desktop\C\OOPLaboratory8\OOPLaboratory8\Song.h(14,14): message : see declaration of 'Song::getTitle'
C:\Users\tudor\Desktop\C\OOPLaboratory8\OOPLaboratory8\SongCollection.cpp(91,42): message : while trying to match the argument list '()'
C:\Users\tudor\Desktop\C\OOPLaboratory8\OOPLaboratory8\SongCollection.cpp(98,37): error C2662: 'std::vector<std::string,std::allocator<std::string>> Song::getLyrics(void)': cannot convert 'this' pointer from 'const Song' to 'Song &'
C:\Users\tudor\Desktop\C\OOPLaboratory8\OOPLaboratory8\SongCollection.cpp(98,35): message : Conversion loses qualifiers
C:\Users\tudor\Desktop\C\OOPLaboratory8\OOPLaboratory8\Song.h(15,27): message : see declaration of 'Song::getLyrics'
C:\Users\tudor\Desktop\C\OOPLaboratory8\OOPLaboratory8\SongCollection.cpp(98,37): message : while trying to match the argument list '()'
C:\Users\tudor\Desktop\C\OOPLaboratory8\OOPLaboratory8\SongCollection.cpp(98,61): error C2662: 'std::vector<std::string,std::allocator<std::string>> Song::getLyrics(void)': cannot convert 'this' pointer from 'const Song' to 'Song &'
C:\Users\tudor\Desktop\C\OOPLaboratory8\OOPLaboratory8\SongCollection.cpp(98,59): message : Conversion loses qualifiers
C:\Users\tudor\Desktop\C\OOPLaboratory8\OOPLaboratory8\Song.h(15,27): message : see declaration of 'Song::getLyrics'
C:\Users\tudor\Desktop\C\OOPLaboratory8\OOPLaboratory8\SongCollection.cpp(98,61): message : while trying to match the argument list '()'
C:\Users\tudor\Desktop\C\OOPLaboratory8\OOPLaboratory8\SongCollection.cpp(98,29): error C2672: 'std::count': no matching overloaded function found
C:\Program Files\Microsoft Visual Studio\2022\Community\VC\Tools\MSVC\14.35.32215\include\xutility(5658,45): message : could be 'iterator_traits<_Iter>::difference_type std::count(const _InIt,const _InIt,const _Ty &)'
C:\Users\tudor\Desktop\C\OOPLaboratory8\OOPLaboratory8\SongCollection.cpp(98,29): message : 'iterator_traits<_Iter>::difference_type std::count(const _InIt,const _InIt,const _Ty &)': expects 3 arguments - 2 provided
C:\Users\tudor\Desktop\C\OOPLaboratory8\OOPLaboratory8\SongCollection.cpp(98,101): error C2662: 'std::vector<std::string,std::allocator<std::string>> Song::getLyrics(void)': cannot convert 'this' pointer from 'const Song' to 'Song &'
C:\Users\tudor\Desktop\C\OOPLaboratory8\OOPLaboratory8\SongCollection.cpp(98,99): message : Conversion loses qualifiers
C:\Users\tudor\Desktop\C\OOPLaboratory8\OOPLaboratory8\Song.h(15,27): message : see declaration of 'Song::getLyrics'
C:\Users\tudor\Desktop\C\OOPLaboratory8\OOPLaboratory8\SongCollection.cpp(98,101): message : while trying to match the argument list '()'
C:\Users\tudor\Desktop\C\OOPLaboratory8\OOPLaboratory8\SongCollection.cpp(98,125): error C2662: 'std::vector<std::string,std::allocator<std::string>> Song::getLyrics(void)': cannot convert 'this' pointer from 'const Song' to 'Song &'
C:\Users\tudor\Desktop\C\OOPLaboratory8\OOPLaboratory8\SongCollection.cpp(98,123): message : Conversion loses qualifiers
C:\Users\tudor\Desktop\C\OOPLaboratory8\OOPLaboratory8\Song.h(15,27): message : see declaration of 'Song::getLyrics'
C:\Users\tudor\Desktop\C\OOPLaboratory8\OOPLaboratory8\SongCollection.cpp(98,125): message : while trying to match the argument list '()'
C:\Users\tudor\Desktop\C\OOPLaboratory8\OOPLaboratory8\SongCollection.cpp(98,93): error C2672: 'std::count': no matching overloaded function found
C:\Program Files\Microsoft Visual Studio\2022\Community\VC\Tools\MSVC\14.35.32215\include\xutility(5658,45): message : could be 'iterator_traits<_Iter>::difference_type std::count(const _InIt,const _InIt,const _Ty &)'
C:\Users\tudor\Desktop\C\OOPLaboratory8\OOPLaboratory8\SongCollection.cpp(98,93): message : 'iterator_traits<_Iter>::difference_type std::count(const _InIt,const _InIt,const _Ty &)': expects 3 arguments - 2 provided
  Generating Code...
